Change Component Footprint: Designator=TP1 Old Footprint= New Footprint=1
Change Footprint: Footprint Not Found TP
Change Footprint: Footprint Not Found TP
Change Footprint: Footprint Not Found TP
Change Footprint: Footprint Not Found TP
Change Footprint: Footprint Not Found TP
Change Footprint: Footprint Not Found TP
Change Footprint: Footprint Not Found TP
Change Footprint: Footprint Not Found TP
Change Footprint: Footprint Not Found TP
Change Footprint: Footprint Not Found TP
Change Footprint: Footprint Not Found TP
Change Footprint: Footprint Not Found TP
Change Footprint: Footprint Not Found TP
Change Footprint: Footprint Not Found TP
Change Footprint: Footprint Not Found TP
Change Footprint: Footprint Not Found TP
Change Footprint: Footprint Not Found TP
Change Footprint: Footprint Not Found TP
Add Component: Footprint Not Found RES_0603_1608X06
Add Component: Footprint Not Found RES_0603_1608X06
Add Component: Footprint Not Found RES_0603_1608X06
Added Component: Designator=TP?(1)
Add component (AddParameter): Name = "Availability"; Value = "In Stock"; VariantName = "[No Variations]"
Add component (AddParameter): Name = "MF"; Value = "Keystone Electronics"; VariantName = "[No Variations]"
Add component (AddParameter): Name = "MP"; Value = "5019"; VariantName = "[No Variations]"
Add component (AddParameter): Name = "Package"; Value = "None"; VariantName = "[No Variations]"
Add component (AddParameter): Name = "Price"; Value = "None"; VariantName = "[No Variations]"
Add component (AddParameter): Name = "Purchase-URL"; Value = "https://pricing.snapeda.com/search/part/5019/?ref=eda"; VariantName = "[No Variations]"
Add component (AddParameter): Name = "Value"; Value = ""; VariantName = "[No Variations]"
Add Pin To Net: Unknown Pin: Pin R28-1
Add Pin To Net: Unknown Pin: Pin R28-2
Add Pin To Net: Unknown Pin: Pin R29-1
Add Pin To Net: Unknown Pin: Pin R29-2
Add Pin To Net: Unknown Pin: Pin R30-1
Add Pin To Net: Unknown Pin: Pin R30-2
Add Class Member: Failed to add class member : Component R28 5.1K 1%
Add Class Member: Failed to add class member : Component R29 5.1K 1%
Add Class Member: Failed to add class member : Component R30 5.1K 1%
Added Member To Class: ClassName=Input_power Member=Component TP? Test_point
