Removed Pin From Net: NetName=GND Pin=C43-2
Change Component Footprint: Designator=C43 Old Footprint=CAPC1608X90 New Footprint=0402_Passive_Capacitor
Change Component Comment : Designator=C43 Old Comment=1.2pF New Comment=1uF
Change component parameters: Designator = "C43" ("C43"); Footprint = "CAPC1608X90"; UniqueID = "\PGFMIWTW" ("\PGFMIWTW")
Change component parameters (AddParameter): Name = "Datasheet"; Value = "https://datasheet.lcsc.com/szlcsc/Samsung-Electro-Mechanics-CL05A105KA5NQNC_C52923.pdf"; VariantName = "[No Variations]"
Change component parameters (AddParameter): Name = "LCSC Part#"; Value = "C52923"; VariantName = "[No Variations]"
Change component parameters (AddParameter): Name = "MFR Part #"; Value = "CL05A105KA5NQNC"; VariantName = "[No Variations]"
Change component parameters (AddParameter): Name = "Type"; Value = "Basic"; VariantName = "[No Variations]"
Change component parameters (AddParameter): Name = "Value"; Value = "1.2pF"; VariantName = "[No Variations]"
Add Component: Footprint Not Found RES_0603_1608X06
Add Component: Footprint Not Found RES_0603_1608X06
Add Component: Footprint Not Found RES_0603_1608X06
Added Pin To Net: NetName=GND Pin=C43-1
Add Pin To Net: Unknown Pin: Pin R13-1
Add Pin To Net: Unknown Pin: Pin R13-2
Add Pin To Net: Unknown Pin: Pin R29-1
Add Pin To Net: Unknown Pin: Pin R29-2
Add Pin To Net: Unknown Pin: Pin R30-1
Add Pin To Net: Unknown Pin: Pin R30-2
Added Pin To Net: NetName=NetC43_2 Pin=C43-2
Added Pin To Net: NetName=NetC43_2 Pin=L9-1
Added Pin To Net: NetName=NetC43_2 Pin=U8-12
Added Net: Name=NetC43_2
Add Class Member: Failed to add class member : Component R13 5.1K 1%
Add Class Member: Failed to add class member : Component R29 5.1K 1%
Add Class Member: Failed to add class member : Component R30 5.1K 1%
Added Member To Class: ClassName=Power_Sheet Member=Component U2 BQ25570RGRT
