Removed Pin From Net: NetName=NetC30_2 Pin=R15-1
Removed Pin From Net: NetName=NetLED3_A Pin=R38-1
Change Component Footprint: Designator=R15 Old Footprint=1206_Passive_Resitor New Footprint=RES_0603
Change Component Footprint: Designator=R38 Old Footprint=1206_Passive_Resitor New Footprint=RES_0603
Change Component Comment : Designator=R15 Old Comment=10k New Comment=0ohm 1%
Change Component Comment : Designator=R38 Old Comment=10k New Comment=1Kohm 1%
Change component parameters: Designator = "R15" ("R15"); Footprint = "1206_Passive_Resitor"; UniqueID = "\NNGUTEOL" ("\NNGUTEOL")
Change component parameters (AddParameter): Name = "Availability"; Value = "Unavailable"; VariantName = "[No Variations]"
Change component parameters (AddParameter): Name = "MF"; Value = ""; VariantName = "[No Variations]"
Change component parameters (AddParameter): Name = "MP"; Value = "RC0603JR-070RL"; VariantName = "[No Variations]"
Change component parameters (AddParameter): Name = "Package"; Value = "None"; VariantName = "[No Variations]"
Change component parameters (AddParameter): Name = "Price"; Value = "None"; VariantName = "[No Variations]"
Change component parameters (AddParameter): Name = "Value"; Value = ""; VariantName = "[No Variations]"
Change component parameters: Designator = "R38" ("R38"); Footprint = "1206_Passive_Resitor"; UniqueID = "\SKLCJKYH" ("\SKLCJKYH")
Change component parameters (AddParameter): Name = "Availability"; Value = "Unavailable"; VariantName = "[No Variations]"
Change component parameters (AddParameter): Name = "MF"; Value = ""; VariantName = "[No Variations]"
Change component parameters (AddParameter): Name = "MP"; Value = "RC0603JR-070RL"; VariantName = "[No Variations]"
Change component parameters (AddParameter): Name = "Package"; Value = "None"; VariantName = "[No Variations]"
Change component parameters (AddParameter): Name = "Price"; Value = "None"; VariantName = "[No Variations]"
Change component parameters (AddParameter): Name = "Value"; Value = ""; VariantName = "[No Variations]"
Add Component: Footprint Not Found RES_0603_1608X06
Add Component: Footprint Not Found RES_0603_1608X06
Add Component: Footprint Not Found RES_0603_1608X06
Added Pin To Net: NetName=NetC30_2 Pin=R15-2
Add Pin To Net: Unknown Pin: Pin R28-1
Add Pin To Net: Unknown Pin: Pin R28-2
Add Pin To Net: Unknown Pin: Pin R29-1
Add Pin To Net: Unknown Pin: Pin R29-2
Add Pin To Net: Unknown Pin: Pin R30-1
Add Pin To Net: Unknown Pin: Pin R30-2
Added Pin To Net: NetName=NetLED3_A Pin=R38-2
Added Pin To Net: NetName=NetR15_1 Pin=R15-1
Added Pin To Net: NetName=NetR15_1 Pin=R38-1
Added Pin To Net: NetName=NetR15_1 Pin=U3-15
Added Net: Name=NetR15_1
Add Class Member: Failed to add class member : Component R28 5.1K 1%
Add Class Member: Failed to add class member : Component R29 5.1K 1%
Add Class Member: Failed to add class member : Component R30 5.1K 1%
