Removed Member From Class: ClassName=Client_Node_1 Member=TP17
Removed Member From Class: ClassName=Client_Node_1 Member=TP18
Removed Member From Class: ClassName=Client_Node_1 Member=TP19
Removed Member From Class: ClassName=Client_Node_1 Member=TP20
Change Component Description : Designator=H3 Old Description=Mini SWD 0.05 Pitch Connector - 10 Pin SMT Box Header New Description=Mini SWD 0.05 Pitch Connector - 10 Pin SMT Box Header | Adafruit Industries 4048
Change Component Description : Designator=H4 Old Description=Mini SWD 0.05 Pitch Connector - 10 Pin SMT Box Header New Description=Mini SWD 0.05 Pitch Connector - 10 Pin SMT Box Header | Adafruit Industries 4048
Added Pin To Net: NetName=GND Pin=R10-2
Added Pin To Net: NetName=NetU8_7 Pin=U8-7
Added Pin To Net: NetName=NetU8_7 Pin=Y3-1
Added Net: Name=NetU8_7
Added Pin To Net: NetName=NetU8_8 Pin=U8-8
Added Pin To Net: NetName=NetU8_8 Pin=Y3-3
Added Net: Name=NetU8_8
Added Pin To Net: NetName=NetU8_31 Pin=U8-31
Added Pin To Net: NetName=NetU8_31 Pin=Y4-1
Added Net: Name=NetU8_31
Added Pin To Net: NetName=NetU8_32 Pin=U8-32
Added Pin To Net: NetName=NetU8_32 Pin=Y4-2
Added Net: Name=NetU8_32
Added Rule: Name=Schematic Supply Nets
Added Rule: Name=Schematic Supply Nets_1
Added Rule: Name=Schematic Supply Nets_2
Added Rule: Name=Schematic Supply Nets_3
Added Rule: Name=Schematic Supply Nets_4
Added Rule: Name=Schematic Supply Nets_5
Added Rule: Name=Schematic Supply Nets_6
Added Rule: Name=Schematic Supply Nets_7
Added Rule: Name=Schematic Supply Nets_8
