Removed Pin From Net: NetName=NetD1_1 Pin=D1-1
Change Component Footprint: Designator=D1 Old Footprint=FAIR-DO-214AC-2_V New Footprint=DIOM4427X270N
Change Managed Component Library Link : Designator=D1 Old VaultGUID=D1ABF0B0-CC93-4271-99F9-30FADB7FC8BB New VaultGUID= Old ItemGUID=86D3268F-6D89-4DBE-A766-3835E1ECCECD New ItemGUID= Old RevisionGUID=3AF72120-11EE-41BF-B65D-8D7293A3A2E6 New RevisionGUID=
Change component parameters: Designator = "D1" ("D1"); Footprint = "FAIR-DO-214AC-2_V"; UniqueID = "\BCMUPODF" ("\BCMUPODF")
Change component parameters (AddParameter): Name = "Availability"; Value = "Good"; VariantName = "[No Variations]"
Change component parameters (AddParameter): Name = "Check_prices"; Value = "https://www.snapeda.com/parts/SS12/Klein%20Tools,%20Inc./view-part/2177644/?ref=eda"; VariantName = "[No Variations]"
Change component parameters (AddParameter): Name = "MF"; Value = "Klein Tools,"; VariantName = "[No Variations]"
Change component parameters (AddParameter): Name = "MP"; Value = "SS12"; VariantName = "[No Variations]"
Change component parameters (AddParameter): Name = "Package"; Value = "DO-214AC-214 ON Semiconductor"; VariantName = "[No Variations]"
Change component parameters (AddParameter): Name = "Price"; Value = "None"; VariantName = "[No Variations]"
Change component parameters (AddParameter): Name = "Purchase-URL"; Value = "https://pricing.snapeda.com/search/part/SS12/?ref=eda"; VariantName = "[No Variations]"
Change component parameters (AddParameter): Name = "SnapEDA_Link"; Value = "https://www.snapeda.com/parts/SS12/Klein%20Tools,%20Inc./view-part/2177644/?ref=snap"; VariantName = "[No Variations]"
Change component parameters (AddParameter): Name = "Value"; Value = ""; VariantName = "[No Variations]"
Add Component: Footprint Not Found RES_0603_1608X06
Add Component: Footprint Not Found RES_0603_1608X06
Add Component: Footprint Not Found RES_0603_1608X06
Added Pin To Net: NetName=NetD1_1 Pin=D1-A
Add Pin To Net: Unknown Pin: Pin R28-1
Add Pin To Net: Unknown Pin: Pin R28-2
Add Pin To Net: Unknown Pin: Pin R29-1
Add Pin To Net: Unknown Pin: Pin R29-2
Add Pin To Net: Unknown Pin: Pin R30-1
Add Pin To Net: Unknown Pin: Pin R30-2
Change Net Name : Old Net Name=NetD1_1 New Net Name=NetD1_A
Added Pin To Net: NetName=NetD1_C Pin=D1-C
Added Pin To Net: NetName=NetD1_C Pin=Q2-2
Added Pin To Net: NetName=NetD1_C Pin=R1-2
Added Net: Name=NetD1_C
Add Class Member: Failed to add class member : Component R28 5.1K 1%
Add Class Member: Failed to add class member : Component R29 5.1K 1%
Add Class Member: Failed to add class member : Component R30 5.1K 1%
