Add Component: Footprint Not Found RES_0603_1608X06
Add Component: Footprint Not Found RES_0603_1608X06
Add Component: Footprint Not Found RES_0603_1608X06
Added Pin To Net: NetName=VCC_BG Pin=C7-2
Added Pin To Net: NetName=VCC_BG Pin=C8-2
Added Pin To Net: NetName=VCC_BG Pin=L1-2
Add Pin To Net: Unknown Pin: Pin R13-1
Add Pin To Net: Unknown Pin: Pin R13-2
Add Pin To Net: Unknown Pin: Pin R29-1
Add Pin To Net: Unknown Pin: Pin R29-2
Add Pin To Net: Unknown Pin: Pin R30-1
Add Pin To Net: Unknown Pin: Pin R30-2
Added Pin To Net: NetName=VCC_BG Pin=R31-2
Added Pin To Net: NetName=VCC_BG Pin=TP3-TP
Added Pin To Net: NetName=VCC_BG Pin=U2-14
Added Member To Class: ClassName=Principal_Node Member=Component C12 1.9pF
Added Member To Class: ClassName=Principal_Node Member=Component C13 1.9pF
Added Member To Class: ClassName=Project_Node_Sensors Member=Component C25 0.1uF
Added Member To Class: ClassName=Principal_Node Member=Component L3 2.1nH
Add Class Member: Failed to add class member : Component R13 5.1K 1%
Add Class Member: Failed to add class member : Component R29 5.1K 1%
Add Class Member: Failed to add class member : Component R30 5.1K 1%
