Removed Member From Class: ClassName=Client_Node_2 Member=C41
Removed Member From Class: ClassName=Client_Node_2 Member=C42
Removed Member From Class: ClassName=Client_Node_2 Member=C46
Removed Member From Class: ClassName=Client_Node_2 Member=C47
Removed Member From Class: ClassName=Client_Node_2 Member=C48
Removed Member From Class: ClassName=Client_Node_2 Member=C49
Add Component: Footprint Not Found RES_0603_1608X06
Add Component: Footprint Not Found RES_0603_1608X06
Add Component: Footprint Not Found RES_0603_1608X06
Add Pin To Net: Unknown Pin: Pin R28-1
Add Pin To Net: Unknown Pin: Pin R28-2
Add Pin To Net: Unknown Pin: Pin R29-1
Add Pin To Net: Unknown Pin: Pin R29-2
Add Pin To Net: Unknown Pin: Pin R30-1
Add Pin To Net: Unknown Pin: Pin R30-2
Added Member To Class: ClassName=Client_Node_1 Member=Component C41 10uF
Added Member To Class: ClassName=Client_Node_1 Member=Component C42 0.1uF
Added Member To Class: ClassName=Client_Node_1 Member=Component C46 1uF
Added Member To Class: ClassName=Client_Node_1 Member=Component C47 0.01uF
Added Member To Class: ClassName=Client_Node_1 Member=Component C48 1uF
Added Member To Class: ClassName=Client_Node_1 Member=Component C49 0.1uF
Add Class Member: Failed to add class member : Component R28 5.1K 1%
Add Class Member: Failed to add class member : Component R29 5.1K 1%
Add Class Member: Failed to add class member : Component R30 5.1K 1%
