Removed Pin From Net: NetName=5V_VDD_LCD Pin=C1-2
Removed Pin From Net: NetName=5V_VDD_LCD Pin=U1-2
Change Component Comment : Designator=R16 Old Comment=10Kohm 1 % New Comment=0ohm 1 %
Add Component: Footprint Not Found RES_0603_1608X06
Add Component: Footprint Not Found RES_0603_1608X06
Add Component: Footprint Not Found RES_0603_1608X06
Added Pin To Net: NetName=5V Pin=C1-2
Add Pin To Net: Unknown Pin: Pin R13-1
Add Pin To Net: Unknown Pin: Pin R13-2
Added Pin To Net: NetName=5V_VDD_LCD Pin=R26-2
Add Pin To Net: Unknown Pin: Pin R29-1
Add Pin To Net: Unknown Pin: Pin R29-2
Add Pin To Net: Unknown Pin: Pin R30-1
Add Pin To Net: Unknown Pin: Pin R30-2
Added Pin To Net: NetName=5V Pin=U1-2
Change Net Name : Old Net Name=3V3_VDDIO_BMI270 New Net Name=NetC25_2
Change Net Name : Old Net Name=3V3_VDDIO_BMP581 New Net Name=NetC26_1
Add Class Member: Failed to add class member : Component R13 5.1K 1%
Add Class Member: Failed to add class member : Component R29 5.1K 1%
Add Class Member: Failed to add class member : Component R30 5.1K 1%
