Removed Pin From Net: NetName=GND Pin=U3-34
Removed Pin From Net: NetName=GND Pin=U3-35
Removed Pin From Net: NetName=GND Pin=U3-36
Removed Pin From Net: NetName=GND Pin=U8-34
Removed Pin From Net: NetName=GND Pin=U8-35
Removed Pin From Net: NetName=GND Pin=U8-36
Change Component Footprint: Designator=U3 Old Footprint= New Footprint=QFN32-EFR32xG2xIM32-BR
Change Component Footprint: Designator=U8 Old Footprint= New Footprint=QFN32-EFR32xG2xIM32-BR
Add Component: Footprint Not Found RES_0603_1608X06
Add Component: Footprint Not Found RES_0603_1608X06
Add Component: Footprint Not Found RES_0603_1608X06
Add Pin To Net: Unknown Pin: Pin R13-1
Add Pin To Net: Unknown Pin: Pin R13-2
Add Pin To Net: Unknown Pin: Pin R29-1
Add Pin To Net: Unknown Pin: Pin R29-2
Add Pin To Net: Unknown Pin: Pin R30-1
Add Pin To Net: Unknown Pin: Pin R30-2
Add Class Member: Failed to add class member : Component R13 5.1K 1%
Add Class Member: Failed to add class member : Component R29 5.1K 1%
Add Class Member: Failed to add class member : Component R30 5.1K 1%
