Change Component Footprint: Designator=TP2 Old Footprint= New Footprint=1
Change Component Footprint: Designator=TP3 Old Footprint= New Footprint=1
Change Component Footprint: Designator=TP4 Old Footprint= New Footprint=1
Change Component Footprint: Designator=TP5 Old Footprint= New Footprint=1
Change Component Footprint: Designator=TP6 Old Footprint= New Footprint=1
Change Component Footprint: Designator=TP8 Old Footprint= New Footprint=1
Change Component Footprint: Designator=TP9 Old Footprint= New Footprint=1
Change Component Footprint: Designator=TP10 Old Footprint= New Footprint=1
Change Component Footprint: Designator=TP11 Old Footprint= New Footprint=1
Change Component Footprint: Designator=TP12 Old Footprint= New Footprint=1
Change Component Footprint: Designator=TP13 Old Footprint= New Footprint=1
Change Component Footprint: Designator=TP14 Old Footprint= New Footprint=1
Change Component Footprint: Designator=TP15 Old Footprint= New Footprint=1
Change Component Footprint: Designator=TP16 Old Footprint= New Footprint=1
Change Component Footprint: Designator=TP17 Old Footprint= New Footprint=1
Change Component Footprint: Designator=TP18 Old Footprint= New Footprint=1
Change Component Footprint: Designator=TP19 Old Footprint= New Footprint=1
Change Component Footprint: Designator=TP20 Old Footprint= New Footprint=1
Change component parameters: Designator = "U4" ("U4"); Footprint = "XDCR_BMI270"; UniqueID = "\WJNNMSAJ" ("\WJNNMSAJ")
Change component parameters (AddParameter): Name = "Check_prices"; Value = "https://www.snapeda.com/parts/BMI270/Bosch+Sensortec/view-part/?ref=eda"; VariantName = "[No Variations]"
Change component parameters (AddParameter): Name = "Digi-Key_Part_Number"; Value = "828-1091-2-ND"; VariantName = "[No Variations]"
Change component parameters (AddParameter): Name = "MF"; Value = "Bosch Sensortec"; VariantName = "[No Variations]"
Change component parameters (AddParameter): Name = "MP"; Value = "BMI270"; VariantName = "[No Variations]"
Change component parameters (AddParameter): Name = "Package"; Value = "LGA-14 Bosch Sensortec"; VariantName = "[No Variations]"
Change component parameters (AddParameter): Name = "Purchase-URL"; Value = "https://pricing.snapeda.com/search/part/BMI270/?ref=eda"; VariantName = "[No Variations]"
Change component parameters (AddParameter): Name = "SnapEDA_Link"; Value = "https://www.snapeda.com/parts/BMI270/Bosch+Sensortec/view-part/?ref=snap"; VariantName = "[No Variations]"
Change component parameters (AddParameter): Name = "Supplier 1"; Value = "Digikey"; VariantName = "[No Variations]"
Change component parameters (AddParameter): Name = "Supplier Part Number 1"; Value = "828-1091-1-ND"; VariantName = "[No Variations]"
Change component parameters (AddParameter): Name = "Value"; Value = ""; VariantName = "[No Variations]"
Add Component: Footprint Not Found RES_0603_1608X06
Add Component: Footprint Not Found RES_0603_1608X06
Add Component: Footprint Not Found RES_0603_1608X06
Add Pin To Net: Unknown Pin: Pin R28-1
Add Pin To Net: Unknown Pin: Pin R28-2
Add Pin To Net: Unknown Pin: Pin R29-1
Add Pin To Net: Unknown Pin: Pin R29-2
Add Pin To Net: Unknown Pin: Pin R30-1
Add Pin To Net: Unknown Pin: Pin R30-2
Add Class Member: Failed to add class member : Component R28 5.1K 1%
Add Class Member: Failed to add class member : Component R29 5.1K 1%
Add Class Member: Failed to add class member : Component R30 5.1K 1%
