Change component parameters: Designator = "D1" ("D1"); Footprint = "DIOM4427X270N"; UniqueID = "\BCMUPODF" ("\BCMUPODF")
Change component parameters (AddParameter): Name = "Availability"; Value = "Good"; VariantName = "[No Variations]"
Change component parameters (AddParameter): Name = "Check_prices"; Value = "https://www.snapeda.com/parts/SS12/Klein%20Tools,%20Inc./view-part/2177644/?ref=eda"; VariantName = "[No Variations]"
Change component parameters (AddParameter): Name = "ComponentLink1Description"; Value = "digikey"; VariantName = "[No Variations]"
Change component parameters (AddParameter): Name = "ComponentLink1URL"; Value = "https://www.digikey.com/en/products/detail/onsemi/SS12/1049858"; VariantName = "[No Variations]"
Change component parameters (AddParameter): Name = "MF"; Value = "Klein Tools,"; VariantName = "[No Variations]"
Change component parameters (AddParameter): Name = "MP"; Value = "SS12"; VariantName = "[No Variations]"
Change component parameters (AddParameter): Name = "Package"; Value = "DO-214AC-214 ON Semiconductor"; VariantName = "[No Variations]"
Change component parameters (AddParameter): Name = "Price"; Value = "None"; VariantName = "[No Variations]"
Change component parameters (AddParameter): Name = "Purchase-URL"; Value = "https://pricing.snapeda.com/search/part/SS12/?ref=eda"; VariantName = "[No Variations]"
Change component parameters (AddParameter): Name = "SnapEDA_Link"; Value = "https://www.snapeda.com/parts/SS12/Klein%20Tools,%20Inc./view-part/2177644/?ref=snap"; VariantName = "[No Variations]"
Change component parameters (AddParameter): Name = "Value"; Value = ""; VariantName = "[No Variations]"
Add Component: Footprint Not Found RES_0603_1608X06
Add Component: Footprint Not Found RES_0603_1608X06
Add Component: Footprint Not Found RES_0603_1608X06
Add Pin To Net: Unknown Pin: Pin R28-1
Add Pin To Net: Unknown Pin: Pin R28-2
Add Pin To Net: Unknown Pin: Pin R29-1
Add Pin To Net: Unknown Pin: Pin R29-2
Add Pin To Net: Unknown Pin: Pin R30-1
Add Pin To Net: Unknown Pin: Pin R30-2
Add Class Member: Failed to add class member : Component R28 5.1K 1%
Add Class Member: Failed to add class member : Component R29 5.1K 1%
Add Class Member: Failed to add class member : Component R30 5.1K 1%
