Change Component Designator: OldDesignator=R? NewDesignator=R21
Add Component: Footprint Not Found SOD3716X145N
Add Component: Footprint Not Found SOD3716X145N
Add Component: Footprint Not Found RES_0603_1608X06
Add Component: Footprint Not Found RES_0603_1608X06
Add Component: Footprint Not Found RES_0603_1608X06
Add Pin To Net: Unknown Pin: Pin D2-1
Add Pin To Net: Unknown Pin: Pin D2-2
Add Pin To Net: Unknown Pin: Pin D3-1
Add Pin To Net: Unknown Pin: Pin D3-2
Add Pin To Net: Unknown Pin: Pin R28-1
Add Pin To Net: Unknown Pin: Pin R28-2
Add Pin To Net: Unknown Pin: Pin R29-1
Add Pin To Net: Unknown Pin: Pin R29-2
Add Pin To Net: Unknown Pin: Pin R30-1
Add Pin To Net: Unknown Pin: Pin R30-2
Add Class Member: Failed to add class member : Component D2 BZT52C4V7-7-F
Add Class Member: Failed to add class member : Component D3 BZT52C4V7-7-F
Add Class Member: Failed to add class member : Component R28 5.1K 1%
Add Class Member: Failed to add class member : Component R29 5.1K 1%
Add Class Member: Failed to add class member : Component R30 5.1K 1%
Added Rule: Name=Schematic Supply Nets
Added Rule: Name=Schematic Supply Nets_1
Added Rule: Name=Schematic Supply Nets_2
Added Rule: Name=Schematic Supply Nets_3
Added Rule: Name=Schematic Supply Nets_4
Added Rule: Name=Schematic Supply Nets_5
Added Rule: Name=Schematic Supply Nets_6
Added Rule: Name=Schematic Supply Nets_7
Added Rule: Name=Schematic Supply Nets_8
Added Rule: Name=Schematic Supply Nets_9
Added Rule: Name=Schematic Supply Nets_10
