Replace Part C32 GRM21BR61E106KA73K in C:\Users\jithe\OneDrive\Documents\GitHub\Project_Vega\Team_Vega_Organized_Folder\Project_Node_Sensors.SchDoc with GRM21BR61E106KA73K from Project_Vega.IntLib
Replace Part P1 5051101092 in C:\Users\jithe\OneDrive\Documents\GitHub\Project_Vega\Team_Vega_Organized_Folder\Project_Node_Sensors.SchDoc with 5051101092 from Project_Vega.SchLib
Replace Part R16 RC0603FR-07140RL in C:\Users\jithe\OneDrive\Documents\GitHub\Project_Vega\Team_Vega_Organized_Folder\Project_Node_Sensors.SchDoc with RC0603FR-07140RL from Project_Vega.IntLib
Replace Part R17 RC0603FR-07140RL in C:\Users\jithe\OneDrive\Documents\GitHub\Project_Vega\Team_Vega_Organized_Folder\Project_Node_Sensors.SchDoc with RC0603FR-07140RL from Project_Vega.IntLib
Replace Part R18 RC0603FR-07140RL in C:\Users\jithe\OneDrive\Documents\GitHub\Project_Vega\Team_Vega_Organized_Folder\Project_Node_Sensors.SchDoc with RC0603FR-07140RL from Project_Vega.IntLib
Replace Part R19 RC0603FR-07140RL in C:\Users\jithe\OneDrive\Documents\GitHub\Project_Vega\Team_Vega_Organized_Folder\Project_Node_Sensors.SchDoc with RC0603FR-07140RL from Project_Vega.IntLib
Replace Part R20 RC0603FR-07140RL in C:\Users\jithe\OneDrive\Documents\GitHub\Project_Vega\Team_Vega_Organized_Folder\Project_Node_Sensors.SchDoc with RC0603FR-07140RL from Project_Vega.IntLib
Replace Part R21 RC0603FR-07140RL in C:\Users\jithe\OneDrive\Documents\GitHub\Project_Vega\Team_Vega_Organized_Folder\Project_Node_Sensors.SchDoc with RC0603FR-07140RL from Project_Vega.IntLib
Replace Part R22 RC0603FR-07140RL in C:\Users\jithe\OneDrive\Documents\GitHub\Project_Vega\Team_Vega_Organized_Folder\Project_Node_Sensors.SchDoc with RC0603FR-07140RL from Project_Vega.IntLib
Replace Part R23 RC0603FR-07140RL in C:\Users\jithe\OneDrive\Documents\GitHub\Project_Vega\Team_Vega_Organized_Folder\Project_Node_Sensors.SchDoc with RC0603FR-07140RL from Project_Vega.IntLib
Replace Part R24 RC0603FR-07140RL in C:\Users\jithe\OneDrive\Documents\GitHub\Project_Vega\Team_Vega_Organized_Folder\Project_Node_Sensors.SchDoc with RC0603FR-07140RL from Project_Vega.IntLib
Replace Part R25 RC0603FR-07140RL in C:\Users\jithe\OneDrive\Documents\GitHub\Project_Vega\Team_Vega_Organized_Folder\Project_Node_Sensors.SchDoc with RC0603FR-07140RL from Project_Vega.IntLib
Replace Part R26 RC0603FR-07140RL in C:\Users\jithe\OneDrive\Documents\GitHub\Project_Vega\Team_Vega_Organized_Folder\Project_Node_Sensors.SchDoc with RC0603FR-07140RL from Project_Vega.IntLib
Replace Part TP4 Test_point in C:\Users\jithe\OneDrive\Documents\GitHub\Project_Vega\Team_Vega_Organized_Folder\Project_Node_Sensors.SchDoc with Test_point from Project_Vega.IntLib
Replace Part TP5 Test_point in C:\Users\jithe\OneDrive\Documents\GitHub\Project_Vega\Team_Vega_Organized_Folder\Project_Node_Sensors.SchDoc with Test_point from Project_Vega.IntLib
Replace Part TP6 Test_point in C:\Users\jithe\OneDrive\Documents\GitHub\Project_Vega\Team_Vega_Organized_Folder\Project_Node_Sensors.SchDoc with Test_point from Project_Vega.IntLib
Replace Part TP8 Test_point in C:\Users\jithe\OneDrive\Documents\GitHub\Project_Vega\Team_Vega_Organized_Folder\Project_Node_Sensors.SchDoc with Test_point from Project_Vega.IntLib
Replace Part TP9 Test_point in C:\Users\jithe\OneDrive\Documents\GitHub\Project_Vega\Team_Vega_Organized_Folder\Project_Node_Sensors.SchDoc with Test_point from Project_Vega.IntLib
Replace Part TP10 Test_point in C:\Users\jithe\OneDrive\Documents\GitHub\Project_Vega\Team_Vega_Organized_Folder\Project_Node_Sensors.SchDoc with Test_point from Project_Vega.IntLib
Replace Part TP11 Test_point in C:\Users\jithe\OneDrive\Documents\GitHub\Project_Vega\Team_Vega_Organized_Folder\Project_Node_Sensors.SchDoc with Test_point from Project_Vega.IntLib
Replace Part TP12 Test_point in C:\Users\jithe\OneDrive\Documents\GitHub\Project_Vega\Team_Vega_Organized_Folder\Project_Node_Sensors.SchDoc with Test_point from Project_Vega.IntLib
Replace Part TP13 Test_point in C:\Users\jithe\OneDrive\Documents\GitHub\Project_Vega\Team_Vega_Organized_Folder\Project_Node_Sensors.SchDoc with Test_point from Project_Vega.IntLib
Replace Part TP14 Test_point in C:\Users\jithe\OneDrive\Documents\GitHub\Project_Vega\Team_Vega_Organized_Folder\Project_Node_Sensors.SchDoc with Test_point from Project_Vega.IntLib
Replace Part U4 BMI270 in C:\Users\jithe\OneDrive\Documents\GitHub\Project_Vega\Team_Vega_Organized_Folder\Project_Node_Sensors.SchDoc with BMI270 from Project_Vega.IntLib
Replace Part U5 BMP581 in C:\Users\jithe\OneDrive\Documents\GitHub\Project_Vega\Team_Vega_Organized_Folder\Project_Node_Sensors.SchDoc with BMP581 from Project_Vega.IntLib
Replace Part U6 OPT3007YMFR in C:\Users\jithe\OneDrive\Documents\GitHub\Project_Vega\Team_Vega_Organized_Folder\Project_Node_Sensors.SchDoc with OPT3007YMFR from Project_Vega.IntLib
